<?xml version="1.0" encoding="UTF-8"?>
<testng-results ignored="0" total="1" passed="1" failed="0" skipped="0">
  <reporter-output>
  </reporter-output>
  <suite started-at="2024-06-20T18:40:25 IST" name="Surefire suite" finished-at="2024-06-20T18:40:43 IST" duration-ms="17588">
    <groups>
    </groups>
    <test started-at="2024-06-20T18:40:25 IST" name="Surefire test" finished-at="2024-06-20T18:40:43 IST" duration-ms="17588">
      <class name="Tests.Test1">
        <test-method signature="testHello()[pri:0, instance:Tests.Test1@5a955565]" started-at="2024-06-20T18:40:25 IST" name="testHello" finished-at="2024-06-20T18:40:43 IST" duration-ms="17529" status="PASS">
          <reporter-output>
          </reporter-output>
        </test-method> <!-- testHello -->
      </class> <!-- Tests.Test1 -->
    </test> <!-- Surefire test -->
  </suite> <!-- Surefire suite -->
</testng-results>
